<?xml version="1.0" encoding="UTF-8" ?>
<testsuite tests="4" failures="1" name="TestSuite" time="0.957" errors="0" skipped="2">
  <properties>
[...]
</properties>
  <testcase classname="org.selenium.ActiTime.AllocateWorkTest" name="f" time="0.023"/>
  <testcase classname="org.selenium.ActiTime.CreateUserTest" name="testSetUp" time="0.934">
    <failure message="org/loggers/utils/LogStarter" type="java.lang.NoClassDefFoundError">java.lang.NoClassDefFoundError: org/loggers/utils/LogStarter
	at org.selenium.businesslib.CommonLib.login(CommonLib.java:33)
	at org.selenium.ActiTime.CreateUserTest.testSetUp(CreateUserTest.java:44)
Caused by: java.lang.ClassNotFoundException: org.loggers.utils.LogStarter
	at java.net.URLClassLoader.findClass(URLClassLoader.java:381)
	at java.lang.ClassLoader.loadClass(ClassLoader.java:424)
	at sun.misc.Launcher$AppClassLoader.loadClass(Launcher.java:331)
	at java.lang.ClassLoader.loadClass(ClassLoader.java:357)
	... 38 more
</failure>
    <system-out>Test Execution Started
405 [main] DEBUG org.selenium.ActiTime.CreateUserTest  - Test Execution Started
408 [Forwarding get on session 1cba3044-ddb9-4900-a102-97a7598eab14 to remote] DEBUG org.apache.http.client.protocol.RequestAddCookies  - CookieSpec selected: default
408 [Forwarding get on session 1cba3044-ddb9-4900-a102-97a7598eab14 to remote] DEBUG org.apache.http.client.protocol.RequestAuthCache  - Auth cache not set in the context
410 [Forwarding get on session 1cba3044-ddb9-4900-a102-97a7598eab14 to remote] DEBUG org.apache.http.impl.conn.PoolingHttpClientConnectionManager  - Connection request: [route: {}-&gt;http://127.0.0.1:7055][total kept alive: 0; route allocated: 0 of 2000; total allocated: 0 of 2000]
410 [Forwarding get on session 1cba3044-ddb9-4900-a102-97a7598eab14 to remote] DEBUG org.apache.http.impl.conn.PoolingHttpClientConnectionManager  - Connection leased: [id: 1][route: {}-&gt;http://127.0.0.1:7055][total kept alive: 0; route allocated: 1 of 2000; total allocated: 1 of 2000]
411 [Forwarding get on session 1cba3044-ddb9-4900-a102-97a7598eab14 to remote] DEBUG org.apache.http.impl.execchain.MainClientExec  - Opening connection {}-&gt;http://127.0.0.1:7055
411 [Forwarding get on session 1cba3044-ddb9-4900-a102-97a7598eab14 to remote] DEBUG org.apache.http.impl.conn.DefaultHttpClientConnectionOperator  - Connecting to /127.0.0.1:7055
412 [Forwarding get on session 1cba3044-ddb9-4900-a102-97a7598eab14 to remote] DEBUG org.apache.http.impl.conn.DefaultHttpClientConnectionOperator  - Connection established 127.0.0.1:1959&lt;-&gt;127.0.0.1:7055
414 [Forwarding get on session 1cba3044-ddb9-4900-a102-97a7598eab14 to remote] DEBUG org.apache.http.impl.conn.DefaultManagedHttpClientConnection  - http-outgoing-1: set socket timeout to 10800000
415 [Forwarding get on session 1cba3044-ddb9-4900-a102-97a7598eab14 to remote] DEBUG org.apache.http.impl.execchain.MainClientExec  - Executing request POST /hub/session/1cba3044-ddb9-4900-a102-97a7598eab14/url HTTP/1.1
415 [Forwarding get on session 1cba3044-ddb9-4900-a102-97a7598eab14 to remote] DEBUG org.apache.http.impl.execchain.MainClientExec  - Target auth state: UNCHALLENGED
415 [Forwarding get on session 1cba3044-ddb9-4900-a102-97a7598eab14 to remote] DEBUG org.apache.http.impl.execchain.MainClientExec  - Proxy auth state: UNCHALLENGED
420 [Forwarding get on session 1cba3044-ddb9-4900-a102-97a7598eab14 to remote] DEBUG org.apache.http.headers  - http-outgoing-1 &gt;&gt; POST /hub/session/1cba3044-ddb9-4900-a102-97a7598eab14/url HTTP/1.1
421 [Forwarding get on session 1cba3044-ddb9-4900-a102-97a7598eab14 to remote] DEBUG org.apache.http.headers  - http-outgoing-1 &gt;&gt; Content-Type: application/json; charset=utf-8
424 [Forwarding get on session 1cba3044-ddb9-4900-a102-97a7598eab14 to remote] DEBUG org.apache.http.headers  - http-outgoing-1 &gt;&gt; Content-Length: 35
424 [Forwarding get on session 1cba3044-ddb9-4900-a102-97a7598eab14 to remote] DEBUG org.apache.http.headers  - http-outgoing-1 &gt;&gt; Host: 127.0.0.1:7055
424 [Forwarding get on session 1cba3044-ddb9-4900-a102-97a7598eab14 to remote] DEBUG org.apache.http.headers  - http-outgoing-1 &gt;&gt; Connection: Keep-Alive
425 [Forwarding get on session 1cba3044-ddb9-4900-a102-97a7598eab14 to remote] DEBUG org.apache.http.headers  - http-outgoing-1 &gt;&gt; User-Agent: Apache-HttpClient/4.5.1 (Java/1.8.0_66)
426 [Forwarding get on session 1cba3044-ddb9-4900-a102-97a7598eab14 to remote] DEBUG org.apache.http.headers  - http-outgoing-1 &gt;&gt; Accept-Encoding: gzip,deflate
426 [Forwarding get on session 1cba3044-ddb9-4900-a102-97a7598eab14 to remote] DEBUG org.apache.http.wire  - http-outgoing-1 &gt;&gt; &quot;POST /hub/session/1cba3044-ddb9-4900-a102-97a7598eab14/url HTTP/1.1[\r][\n]&quot;
428 [Forwarding get on session 1cba3044-ddb9-4900-a102-97a7598eab14 to remote] DEBUG org.apache.http.wire  - http-outgoing-1 &gt;&gt; &quot;Content-Type: application/json; charset=utf-8[\r][\n]&quot;
428 [Forwarding get on session 1cba3044-ddb9-4900-a102-97a7598eab14 to remote] DEBUG org.apache.http.wire  - http-outgoing-1 &gt;&gt; &quot;Content-Length: 35[\r][\n]&quot;
428 [Forwarding get on session 1cba3044-ddb9-4900-a102-97a7598eab14 to remote] DEBUG org.apache.http.wire  - http-outgoing-1 &gt;&gt; &quot;Host: 127.0.0.1:7055[\r][\n]&quot;
429 [Forwarding get on session 1cba3044-ddb9-4900-a102-97a7598eab14 to remote] DEBUG org.apache.http.wire  - http-outgoing-1 &gt;&gt; &quot;Connection: Keep-Alive[\r][\n]&quot;
429 [Forwarding get on session 1cba3044-ddb9-4900-a102-97a7598eab14 to remote] DEBUG org.apache.http.wire  - http-outgoing-1 &gt;&gt; &quot;User-Agent: Apache-HttpClient/4.5.1 (Java/1.8.0_66)[\r][\n]&quot;
430 [Forwarding get on session 1cba3044-ddb9-4900-a102-97a7598eab14 to remote] DEBUG org.apache.http.wire  - http-outgoing-1 &gt;&gt; &quot;Accept-Encoding: gzip,deflate[\r][\n]&quot;
430 [Forwarding get on session 1cba3044-ddb9-4900-a102-97a7598eab14 to remote] DEBUG org.apache.http.wire  - http-outgoing-1 &gt;&gt; &quot;[\r][\n]&quot;
431 [Forwarding get on session 1cba3044-ddb9-4900-a102-97a7598eab14 to remote] DEBUG org.apache.http.wire  - http-outgoing-1 &gt;&gt; &quot;{&quot;url&quot;:&quot;http://localhost/login.do&quot;}&quot;
1128 [Forwarding get on session 1cba3044-ddb9-4900-a102-97a7598eab14 to remote] DEBUG org.apache.http.wire  - http-outgoing-1 &lt;&lt; &quot;HTTP/1.1 200 OK[\r][\n]&quot;
1129 [Forwarding get on session 1cba3044-ddb9-4900-a102-97a7598eab14 to remote] DEBUG org.apache.http.wire  - http-outgoing-1 &lt;&lt; &quot;content-type: application/json; charset=UTF-8[\r][\n]&quot;
1129 [Forwarding get on session 1cba3044-ddb9-4900-a102-97a7598eab14 to remote] DEBUG org.apache.http.wire  - http-outgoing-1 &lt;&lt; &quot;connection: close[\r][\n]&quot;
1129 [Forwarding get on session 1cba3044-ddb9-4900-a102-97a7598eab14 to remote] DEBUG org.apache.http.wire  - http-outgoing-1 &lt;&lt; &quot;content-length: 87[\r][\n]&quot;
1130 [Forwarding get on session 1cba3044-ddb9-4900-a102-97a7598eab14 to remote] DEBUG org.apache.http.wire  - http-outgoing-1 &lt;&lt; &quot;server: httpd.js[\r][\n]&quot;
1130 [Forwarding get on session 1cba3044-ddb9-4900-a102-97a7598eab14 to remote] DEBUG org.apache.http.wire  - http-outgoing-1 &lt;&lt; &quot;date: Sun, 19 Feb 2017 17:44:23 GMT[\r][\n]&quot;
1130 [Forwarding get on session 1cba3044-ddb9-4900-a102-97a7598eab14 to remote] DEBUG org.apache.http.wire  - http-outgoing-1 &lt;&lt; &quot;[\r][\n]&quot;
1133 [Forwarding get on session 1cba3044-ddb9-4900-a102-97a7598eab14 to remote] DEBUG org.apache.http.headers  - http-outgoing-1 &lt;&lt; HTTP/1.1 200 OK
1133 [Forwarding get on session 1cba3044-ddb9-4900-a102-97a7598eab14 to remote] DEBUG org.apache.http.headers  - http-outgoing-1 &lt;&lt; content-type: application/json; charset=UTF-8
1134 [Forwarding get on session 1cba3044-ddb9-4900-a102-97a7598eab14 to remote] DEBUG org.apache.http.headers  - http-outgoing-1 &lt;&lt; connection: close
1134 [Forwarding get on session 1cba3044-ddb9-4900-a102-97a7598eab14 to remote] DEBUG org.apache.http.headers  - http-outgoing-1 &lt;&lt; content-length: 87
1134 [Forwarding get on session 1cba3044-ddb9-4900-a102-97a7598eab14 to remote] DEBUG org.apache.http.headers  - http-outgoing-1 &lt;&lt; server: httpd.js
1135 [Forwarding get on session 1cba3044-ddb9-4900-a102-97a7598eab14 to remote] DEBUG org.apache.http.headers  - http-outgoing-1 &lt;&lt; date: Sun, 19 Feb 2017 17:44:23 GMT
1135 [Forwarding get on session 1cba3044-ddb9-4900-a102-97a7598eab14 to remote] DEBUG org.apache.http.wire  - http-outgoing-1 &lt;&lt; &quot;{&quot;name&quot;:&quot;get&quot;,&quot;sessionId&quot;:&quot;1cba3044-ddb9-4900-a102-97a7598eab14&quot;,&quot;status&quot;:0,&quot;value&quot;:&quot;&quot;}&quot;
1136 [Forwarding get on session 1cba3044-ddb9-4900-a102-97a7598eab14 to remote] DEBUG org.apache.http.impl.conn.DefaultManagedHttpClientConnection  - http-outgoing-1: Close connection
1136 [Forwarding get on session 1cba3044-ddb9-4900-a102-97a7598eab14 to remote] DEBUG org.apache.http.impl.execchain.MainClientExec  - Connection discarded
1139 [Forwarding get on session 1cba3044-ddb9-4900-a102-97a7598eab14 to remote] DEBUG org.apache.http.impl.conn.PoolingHttpClientConnectionManager  - Connection released: [id: 1][route: {}-&gt;http://127.0.0.1:7055][total kept alive: 0; route allocated: 0 of 2000; total allocated: 0 of 2000]
1146 [Forwarding maximizeWindow on session 1cba3044-ddb9-4900-a102-97a7598eab14 to remote] DEBUG org.apache.http.client.protocol.RequestAddCookies  - CookieSpec selected: default
1147 [Forwarding maximizeWindow on session 1cba3044-ddb9-4900-a102-97a7598eab14 to remote] DEBUG org.apache.http.client.protocol.RequestAuthCache  - Auth cache not set in the context
1148 [Forwarding maximizeWindow on session 1cba3044-ddb9-4900-a102-97a7598eab14 to remote] DEBUG org.apache.http.impl.conn.PoolingHttpClientConnectionManager  - Connection request: [route: {}-&gt;http://127.0.0.1:7055][total kept alive: 0; route allocated: 0 of 2000; total allocated: 0 of 2000]
1148 [Forwarding maximizeWindow on session 1cba3044-ddb9-4900-a102-97a7598eab14 to remote] DEBUG org.apache.http.impl.conn.PoolingHttpClientConnectionManager  - Connection leased: [id: 2][route: {}-&gt;http://127.0.0.1:7055][total kept alive: 0; route allocated: 1 of 2000; total allocated: 1 of 2000]
1148 [Forwarding maximizeWindow on session 1cba3044-ddb9-4900-a102-97a7598eab14 to remote] DEBUG org.apache.http.impl.execchain.MainClientExec  - Opening connection {}-&gt;http://127.0.0.1:7055
1149 [Forwarding maximizeWindow on session 1cba3044-ddb9-4900-a102-97a7598eab14 to remote] DEBUG org.apache.http.impl.conn.DefaultHttpClientConnectionOperator  - Connecting to /127.0.0.1:7055
1150 [Forwarding maximizeWindow on session 1cba3044-ddb9-4900-a102-97a7598eab14 to remote] DEBUG org.apache.http.impl.conn.DefaultHttpClientConnectionOperator  - Connection established 127.0.0.1:1968&lt;-&gt;127.0.0.1:7055
1151 [Forwarding maximizeWindow on session 1cba3044-ddb9-4900-a102-97a7598eab14 to remote] DEBUG org.apache.http.impl.conn.DefaultManagedHttpClientConnection  - http-outgoing-2: set socket timeout to 10800000
1151 [Forwarding maximizeWindow on session 1cba3044-ddb9-4900-a102-97a7598eab14 to remote] DEBUG org.apache.http.impl.execchain.MainClientExec  - Executing request POST /hub/session/1cba3044-ddb9-4900-a102-97a7598eab14/window/current/maximize HTTP/1.1
1152 [Forwarding maximizeWindow on session 1cba3044-ddb9-4900-a102-97a7598eab14 to remote] DEBUG org.apache.http.impl.execchain.MainClientExec  - Target auth state: UNCHALLENGED
1152 [Forwarding maximizeWindow on session 1cba3044-ddb9-4900-a102-97a7598eab14 to remote] DEBUG org.apache.http.impl.execchain.MainClientExec  - Proxy auth state: UNCHALLENGED
1153 [Forwarding maximizeWindow on session 1cba3044-ddb9-4900-a102-97a7598eab14 to remote] DEBUG org.apache.http.headers  - http-outgoing-2 &gt;&gt; POST /hub/session/1cba3044-ddb9-4900-a102-97a7598eab14/window/current/maximize HTTP/1.1
1156 [Forwarding maximizeWindow on session 1cba3044-ddb9-4900-a102-97a7598eab14 to remote] DEBUG org.apache.http.headers  - http-outgoing-2 &gt;&gt; Content-Type: application/json; charset=utf-8
1157 [Forwarding maximizeWindow on session 1cba3044-ddb9-4900-a102-97a7598eab14 to remote] DEBUG org.apache.http.headers  - http-outgoing-2 &gt;&gt; Content-Length: 26
1157 [Forwarding maximizeWindow on session 1cba3044-ddb9-4900-a102-97a7598eab14 to remote] DEBUG org.apache.http.headers  - http-outgoing-2 &gt;&gt; Host: 127.0.0.1:7055
1158 [Forwarding maximizeWindow on session 1cba3044-ddb9-4900-a102-97a7598eab14 to remote] DEBUG org.apache.http.headers  - http-outgoing-2 &gt;&gt; Connection: Keep-Alive
1158 [Forwarding maximizeWindow on session 1cba3044-ddb9-4900-a102-97a7598eab14 to remote] DEBUG org.apache.http.headers  - http-outgoing-2 &gt;&gt; User-Agent: Apache-HttpClient/4.5.1 (Java/1.8.0_66)
1158 [Forwarding maximizeWindow on session 1cba3044-ddb9-4900-a102-97a7598eab14 to remote] DEBUG org.apache.http.headers  - http-outgoing-2 &gt;&gt; Accept-Encoding: gzip,deflate
1159 [Forwarding maximizeWindow on session 1cba3044-ddb9-4900-a102-97a7598eab14 to remote] DEBUG org.apache.http.wire  - http-outgoing-2 &gt;&gt; &quot;POST /hub/session/1cba3044-ddb9-4900-a102-97a7598eab14/window/current/maximize HTTP/1.1[\r][\n]&quot;
1159 [Forwarding maximizeWindow on session 1cba3044-ddb9-4900-a102-97a7598eab14 to remote] DEBUG org.apache.http.wire  - http-outgoing-2 &gt;&gt; &quot;Content-Type: application/json; charset=utf-8[\r][\n]&quot;
1159 [Forwarding maximizeWindow on session 1cba3044-ddb9-4900-a102-97a7598eab14 to remote] DEBUG org.apache.http.wire  - http-outgoing-2 &gt;&gt; &quot;Content-Length: 26[\r][\n]&quot;
1160 [Forwarding maximizeWindow on session 1cba3044-ddb9-4900-a102-97a7598eab14 to remote] DEBUG org.apache.http.wire  - http-outgoing-2 &gt;&gt; &quot;Host: 127.0.0.1:7055[\r][\n]&quot;
1160 [Forwarding maximizeWindow on session 1cba3044-ddb9-4900-a102-97a7598eab14 to remote] DEBUG org.apache.http.wire  - http-outgoing-2 &gt;&gt; &quot;Connection: Keep-Alive[\r][\n]&quot;
1160 [Forwarding maximizeWindow on session 1cba3044-ddb9-4900-a102-97a7598eab14 to remote] DEBUG org.apache.http.wire  - http-outgoing-2 &gt;&gt; &quot;User-Agent: Apache-HttpClient/4.5.1 (Java/1.8.0_66)[\r][\n]&quot;
1161 [Forwarding maximizeWindow on session 1cba3044-ddb9-4900-a102-97a7598eab14 to remote] DEBUG org.apache.http.wire  - http-outgoing-2 &gt;&gt; &quot;Accept-Encoding: gzip,deflate[\r][\n]&quot;
1161 [Forwarding maximizeWindow on session 1cba3044-ddb9-4900-a102-97a7598eab14 to remote] DEBUG org.apache.http.wire  - http-outgoing-2 &gt;&gt; &quot;[\r][\n]&quot;
1161 [Forwarding maximizeWindow on session 1cba3044-ddb9-4900-a102-97a7598eab14 to remote] DEBUG org.apache.http.wire  - http-outgoing-2 &gt;&gt; &quot;{&quot;windowHandle&quot;:&quot;current&quot;}&quot;
1270 [Forwarding maximizeWindow on session 1cba3044-ddb9-4900-a102-97a7598eab14 to remote] DEBUG org.apache.http.wire  - http-outgoing-2 &lt;&lt; &quot;HTTP/1.1 200 OK[\r][\n]&quot;
1271 [Forwarding maximizeWindow on session 1cba3044-ddb9-4900-a102-97a7598eab14 to remote] DEBUG org.apache.http.wire  - http-outgoing-2 &lt;&lt; &quot;content-type: application/json; charset=UTF-8[\r][\n]&quot;
1273 [Forwarding maximizeWindow on session 1cba3044-ddb9-4900-a102-97a7598eab14 to remote] DEBUG org.apache.http.wire  - http-outgoing-2 &lt;&lt; &quot;connection: close[\r][\n]&quot;
1274 [Forwarding maximizeWindow on session 1cba3044-ddb9-4900-a102-97a7598eab14 to remote] DEBUG org.apache.http.wire  - http-outgoing-2 &lt;&lt; &quot;content-length: 98[\r][\n]&quot;
1274 [Forwarding maximizeWindow on session 1cba3044-ddb9-4900-a102-97a7598eab14 to remote] DEBUG org.apache.http.wire  - http-outgoing-2 &lt;&lt; &quot;server: httpd.js[\r][\n]&quot;
1275 [Forwarding maximizeWindow on session 1cba3044-ddb9-4900-a102-97a7598eab14 to remote] DEBUG org.apache.http.wire  - http-outgoing-2 &lt;&lt; &quot;date: Sun, 19 Feb 2017 17:44:23 GMT[\r][\n]&quot;
1275 [Forwarding maximizeWindow on session 1cba3044-ddb9-4900-a102-97a7598eab14 to remote] DEBUG org.apache.http.wire  - http-outgoing-2 &lt;&lt; &quot;[\r][\n]&quot;
1275 [Forwarding maximizeWindow on session 1cba3044-ddb9-4900-a102-97a7598eab14 to remote] DEBUG org.apache.http.headers  - http-outgoing-2 &lt;&lt; HTTP/1.1 200 OK
1276 [Forwarding maximizeWindow on session 1cba3044-ddb9-4900-a102-97a7598eab14 to remote] DEBUG org.apache.http.headers  - http-outgoing-2 &lt;&lt; content-type: application/json; charset=UTF-8
1276 [Forwarding maximizeWindow on session 1cba3044-ddb9-4900-a102-97a7598eab14 to remote] DEBUG org.apache.http.headers  - http-outgoing-2 &lt;&lt; connection: close
1276 [Forwarding maximizeWindow on session 1cba3044-ddb9-4900-a102-97a7598eab14 to remote] DEBUG org.apache.http.headers  - http-outgoing-2 &lt;&lt; content-length: 98
1277 [Forwarding maximizeWindow on session 1cba3044-ddb9-4900-a102-97a7598eab14 to remote] DEBUG org.apache.http.headers  - http-outgoing-2 &lt;&lt; server: httpd.js
1277 [Forwarding maximizeWindow on session 1cba3044-ddb9-4900-a102-97a7598eab14 to remote] DEBUG org.apache.http.headers  - http-outgoing-2 &lt;&lt; date: Sun, 19 Feb 2017 17:44:23 GMT
1286 [Forwarding maximizeWindow on session 1cba3044-ddb9-4900-a102-97a7598eab14 to remote] DEBUG org.apache.http.wire  - http-outgoing-2 &lt;&lt; &quot;{&quot;name&quot;:&quot;maximizeWindow&quot;,&quot;sessionId&quot;:&quot;1cba3044-ddb9-4900-a102-97a7598eab14&quot;,&quot;status&quot;:0,&quot;value&quot;:&quot;&quot;}&quot;
1287 [Forwarding maximizeWindow on session 1cba3044-ddb9-4900-a102-97a7598eab14 to remote] DEBUG org.apache.http.impl.conn.DefaultManagedHttpClientConnection  - http-outgoing-2: Close connection
1288 [Forwarding maximizeWindow on session 1cba3044-ddb9-4900-a102-97a7598eab14 to remote] DEBUG org.apache.http.impl.execchain.MainClientExec  - Connection discarded
1288 [Forwarding maximizeWindow on session 1cba3044-ddb9-4900-a102-97a7598eab14 to remote] DEBUG org.apache.http.impl.conn.PoolingHttpClientConnectionManager  - Connection released: [id: 2][route: {}-&gt;http://127.0.0.1:7055][total kept alive: 0; route allocated: 0 of 2000; total allocated: 0 of 2000]
Browser Launched
</system-out>
  </testcase>
  <testcase classname="org.selenium.ActiTime.CreateUserTest" name="userTest" time="0">
    <skipped/>
  </testcase>
  <testcase classname="org.selenium.ActiTime.CreateUserTest" name="AfterProjectTest" time="0">
    <skipped/>
  </testcase>
</testsuite>